TN:
SF:src\pages\create-product.jsx
FN:8,CreateProduct
FN:29,handleEditClick
FN:41,generateRandomNumber
FN:46,handleProductImageChange
FN:60,handleProductNameChange
FN:84,handleProductCategoryChange
FN:99,handleProductFreshnessChange
FN:115,handleProductPriceChange
FN:132,handleImageRemove
FN:138,handleSubmit
FN:187,handleDeleteConfirmation
FN:192,handleDelete
FN:211,handleSubmitUpdate
FN:494,onClick
FN:501,onClick
FN:508,onClick
FN:528,onClick
FN:539,onClick
FN:546,onClick
FNF:19
FNH:1
FNDA:5,CreateProduct
FNDA:0,handleEditClick
FNDA:0,generateRandomNumber
FNDA:0,handleProductImageChange
FNDA:0,handleProductNameChange
FNDA:0,handleProductCategoryChange
FNDA:0,handleProductFreshnessChange
FNDA:0,handleProductPriceChange
FNDA:0,handleImageRemove
FNDA:0,handleSubmit
FNDA:0,handleDeleteConfirmation
FNDA:0,handleDelete
FNDA:0,handleSubmitUpdate
FNDA:0,onClick
FNDA:0,onClick
FNDA:0,onClick
FNDA:0,onClick
FNDA:0,onClick
FNDA:0,onClick
DA:1,1
DA:2,1
DA:3,1
DA:4,1
DA:5,1
DA:6,1
DA:7,1
DA:8,1
DA:9,5
DA:10,5
DA:11,5
DA:12,5
DA:13,5
DA:14,5
DA:15,5
DA:16,5
DA:17,5
DA:18,5
DA:19,5
DA:20,5
DA:21,5
DA:22,5
DA:23,5
DA:24,5
DA:25,5
DA:26,5
DA:27,5
DA:28,5
DA:29,5
DA:30,0
DA:31,0
DA:32,0
DA:33,0
DA:34,0
DA:35,0
DA:36,0
DA:37,5
DA:38,5
DA:39,5
DA:40,5
DA:41,5
DA:42,0
DA:43,0
DA:44,5
DA:45,5
DA:46,5
DA:47,0
DA:48,0
DA:49,0
DA:50,0
DA:51,0
DA:52,0
DA:53,0
DA:54,0
DA:55,0
DA:56,0
DA:57,0
DA:58,5
DA:59,5
DA:60,5
DA:61,0
DA:62,0
DA:63,0
DA:64,0
DA:65,0
DA:66,0
DA:67,0
DA:68,0
DA:69,0
DA:70,0
DA:71,0
DA:72,0
DA:73,0
DA:74,0
DA:75,0
DA:76,0
DA:77,0
DA:78,0
DA:79,0
DA:80,0
DA:81,5
DA:82,5
DA:83,5
DA:84,5
DA:85,0
DA:86,0
DA:87,0
DA:88,0
DA:89,0
DA:90,0
DA:91,0
DA:92,0
DA:93,0
DA:94,0
DA:95,0
DA:96,0
DA:97,5
DA:98,5
DA:99,5
DA:100,0
DA:101,0
DA:102,0
DA:103,0
DA:104,0
DA:105,0
DA:106,0
DA:107,0
DA:108,0
DA:109,0
DA:110,0
DA:111,0
DA:112,5
DA:113,5
DA:114,5
DA:115,5
DA:116,0
DA:117,0
DA:118,0
DA:119,0
DA:120,0
DA:121,0
DA:122,0
DA:123,0
DA:124,0
DA:125,0
DA:126,0
DA:127,0
DA:128,0
DA:129,0
DA:130,5
DA:131,5
DA:132,5
DA:133,0
DA:134,0
DA:135,5
DA:136,5
DA:137,5
DA:138,5
DA:139,0
DA:140,0
DA:141,0
DA:142,0
DA:143,0
DA:144,0
DA:145,0
DA:146,0
DA:147,0
DA:148,0
DA:149,0
DA:150,0
DA:151,0
DA:152,0
DA:153,0
DA:154,0
DA:155,0
DA:156,0
DA:157,0
DA:158,0
DA:159,0
DA:160,0
DA:161,0
DA:162,0
DA:163,0
DA:164,0
DA:165,0
DA:166,0
DA:167,0
DA:168,0
DA:169,0
DA:170,0
DA:171,0
DA:172,0
DA:173,0
DA:174,0
DA:175,0
DA:176,0
DA:177,0
DA:178,0
DA:179,0
DA:180,0
DA:181,0
DA:182,0
DA:183,0
DA:184,0
DA:185,5
DA:186,5
DA:187,5
DA:188,0
DA:189,5
DA:190,5
DA:191,5
DA:192,5
DA:193,0
DA:194,0
DA:195,0
DA:196,0
DA:197,0
DA:198,0
DA:199,5
DA:200,5
DA:201,5
DA:202,0
DA:203,0
DA:204,0
DA:205,0
DA:206,0
DA:207,0
DA:208,0
DA:209,5
DA:210,5
DA:211,5
DA:212,0
DA:213,0
DA:214,0
DA:215,0
DA:216,0
DA:217,0
DA:218,0
DA:219,0
DA:220,0
DA:221,0
DA:222,0
DA:223,0
DA:224,0
DA:225,0
DA:226,0
DA:227,0
DA:228,0
DA:229,0
DA:230,0
DA:231,0
DA:232,0
DA:233,0
DA:234,0
DA:235,0
DA:236,0
DA:237,0
DA:238,0
DA:239,5
DA:240,5
DA:241,5
DA:242,5
DA:243,5
DA:244,5
DA:245,5
DA:246,5
DA:247,5
DA:248,5
DA:249,5
DA:250,5
DA:251,5
DA:252,5
DA:253,5
DA:254,5
DA:255,5
DA:256,5
DA:257,5
DA:258,5
DA:259,5
DA:260,5
DA:261,5
DA:262,5
DA:263,5
DA:264,5
DA:265,5
DA:266,5
DA:267,5
DA:268,5
DA:269,5
DA:270,0
DA:271,5
DA:272,5
DA:273,5
DA:274,5
DA:275,5
DA:276,5
DA:277,5
DA:278,5
DA:279,5
DA:280,5
DA:281,5
DA:282,5
DA:283,5
DA:284,5
DA:285,5
DA:286,5
DA:287,5
DA:288,5
DA:289,5
DA:290,5
DA:291,5
DA:292,5
DA:293,5
DA:294,5
DA:295,5
DA:296,5
DA:297,5
DA:298,5
DA:299,5
DA:300,5
DA:301,5
DA:302,5
DA:303,5
DA:304,5
DA:305,5
DA:306,5
DA:307,5
DA:308,5
DA:309,5
DA:310,5
DA:311,5
DA:312,5
DA:313,5
DA:314,5
DA:315,5
DA:316,5
DA:317,5
DA:318,5
DA:319,5
DA:320,0
DA:321,5
DA:322,5
DA:323,5
DA:324,5
DA:325,5
DA:326,5
DA:327,5
DA:328,5
DA:329,5
DA:330,5
DA:331,5
DA:332,5
DA:333,5
DA:334,5
DA:335,5
DA:336,5
DA:337,5
DA:338,0
DA:339,5
DA:340,5
DA:341,5
DA:342,5
DA:343,5
DA:344,5
DA:345,5
DA:346,5
DA:347,5
DA:348,5
DA:349,5
DA:350,5
DA:351,5
DA:352,5
DA:353,0
DA:354,0
DA:355,0
DA:356,0
DA:357,0
DA:358,5
DA:359,5
DA:360,0
DA:361,5
DA:362,5
DA:363,5
DA:364,5
DA:365,5
DA:366,5
DA:367,5
DA:368,5
DA:369,5
DA:370,5
DA:371,5
DA:372,5
DA:373,5
DA:374,5
DA:375,5
DA:376,5
DA:377,5
DA:378,5
DA:379,5
DA:380,5
DA:381,5
DA:382,5
DA:383,5
DA:384,5
DA:385,5
DA:386,5
DA:387,5
DA:388,5
DA:389,5
DA:390,5
DA:391,5
DA:392,5
DA:393,5
DA:394,5
DA:395,5
DA:396,5
DA:397,5
DA:398,5
DA:399,5
DA:400,5
DA:401,5
DA:402,5
DA:403,5
DA:404,5
DA:405,5
DA:406,5
DA:407,0
DA:408,5
DA:409,5
DA:410,5
DA:411,5
DA:412,5
DA:413,5
DA:414,5
DA:415,5
DA:416,5
DA:417,5
DA:418,5
DA:419,5
DA:420,5
DA:421,5
DA:422,5
DA:423,5
DA:424,5
DA:425,5
DA:426,5
DA:427,5
DA:428,5
DA:429,5
DA:430,5
DA:431,5
DA:432,5
DA:433,5
DA:434,5
DA:435,5
DA:436,0
DA:437,5
DA:438,5
DA:439,5
DA:440,5
DA:441,5
DA:442,5
DA:443,5
DA:444,5
DA:445,5
DA:446,5
DA:447,5
DA:448,5
DA:449,5
DA:450,5
DA:451,5
DA:452,5
DA:453,5
DA:454,5
DA:455,5
DA:456,0
DA:457,5
DA:458,5
DA:459,5
DA:460,5
DA:461,5
DA:462,5
DA:463,5
DA:464,5
DA:465,5
DA:466,5
DA:467,5
DA:468,5
DA:469,5
DA:470,5
DA:471,5
DA:472,5
DA:473,5
DA:474,5
DA:475,5
DA:476,5
DA:477,5
DA:478,5
DA:479,5
DA:480,5
DA:481,5
DA:482,0
DA:483,0
DA:484,0
DA:485,0
DA:486,0
DA:487,5
DA:488,5
DA:489,5
DA:490,5
DA:491,5
DA:492,0
DA:493,0
DA:494,0
DA:495,0
DA:496,0
DA:497,0
DA:498,0
DA:499,0
DA:500,0
DA:501,0
DA:502,0
DA:503,0
DA:504,0
DA:505,5
DA:506,5
DA:507,5
DA:508,5
DA:509,5
DA:510,5
DA:511,5
DA:512,5
DA:513,5
DA:514,5
DA:515,5
DA:516,5
DA:517,5
DA:518,5
DA:519,5
DA:520,0
DA:521,0
DA:522,0
DA:523,0
DA:524,0
DA:525,0
DA:526,0
DA:527,0
DA:528,0
DA:529,0
DA:530,0
DA:531,0
DA:532,0
DA:533,0
DA:534,0
DA:535,0
DA:536,0
DA:537,0
DA:538,0
DA:539,0
DA:540,0
DA:541,0
DA:542,0
DA:543,0
DA:544,0
DA:545,0
DA:546,0
DA:547,0
DA:548,0
DA:549,0
DA:550,0
DA:551,0
DA:552,0
DA:553,0
DA:554,0
DA:555,0
DA:556,0
DA:557,5
DA:558,5
DA:559,5
DA:560,5
LF:560
LH:326
BRDA:8,0,0,5
BRDA:269,1,0,0
BRDA:319,2,0,0
BRDA:337,3,0,0
BRDA:352,4,0,0
BRDA:359,5,0,0
BRDA:406,6,0,0
BRDA:435,7,0,0
BRDA:446,8,0,0
BRDA:446,9,0,4
BRDA:455,10,0,0
BRDA:481,11,0,0
BRDA:491,12,0,0
BRDA:491,13,0,0
BRDA:498,14,0,0
BRDA:519,15,0,0
BRDA:24,16,0,8
BRF:17
BRH:3
end_of_record
TN:
SF:src\utils\action.js
FN:3,updateProduct
FN:13,addProduct
FN:18,deleteProduct
FN:23,editProduct
FNF:4
FNH:0
FNDA:0,updateProduct
FNDA:0,addProduct
FNDA:0,deleteProduct
FNDA:0,editProduct
DA:1,1
DA:2,1
DA:3,1
DA:4,0
DA:5,0
DA:6,0
DA:7,0
DA:8,0
DA:9,0
DA:10,0
DA:11,0
DA:12,1
DA:13,1
DA:14,0
DA:15,0
DA:16,0
DA:17,1
DA:18,1
DA:19,0
DA:20,0
DA:21,0
DA:22,1
DA:23,1
DA:24,0
DA:25,0
DA:26,0
DA:27,0
DA:28,0
LF:28
LH:9
BRF:0
BRH:0
end_of_record
TN:
SF:src\utils\actionTypes.js
FNF:0
FNH:0
DA:1,1
LF:1
LH:1
BRF:0
BRH:0
end_of_record
